2017-06-16T12:52:44.706Z - info: [0mGET / [32m200 [0m33.316 ms - -[0m

2017-06-16T12:52:44.730Z - info: [0mGET /lib/bootstrap/dist/css/bootstrap.css [32m200 [0m6.940 ms - -[0m

2017-06-16T12:52:44.736Z - info: [0mGET /lib/bootstrap/dist/css/bootstrap-theme.css [32m200 [0m0.938 ms - -[0m

2017-06-16T12:52:44.739Z - info: [0mGET /lib/angular-ui-notification/dist/angular-ui-notification.css [32m200 [0m0.597 ms - -[0m

2017-06-16T12:52:44.742Z - info: [0mGET /modules/chat/client/css/chat.css [32m200 [0m1.122 ms - 267[0m

2017-06-16T12:52:44.748Z - info: [0mGET /modules/core/client/css/core.css [32m200 [0m2.850 ms - 758[0m

2017-06-16T12:52:44.750Z - info: [0mGET /modules/users/client/css/users.css [32m200 [0m4.817 ms - 538[0m

2017-06-16T12:52:44.776Z - info: [0mGET /lib/angular-animate/angular-animate.js [32m200 [0m3.962 ms - -[0m

2017-06-16T12:52:44.787Z - info: [0mGET /lib/ng-file-upload/ng-file-upload.js [32m200 [0m0.729 ms - -[0m

2017-06-16T12:52:44.792Z - info: [0mGET /lib/angular-bootstrap/ui-bootstrap-tpls.js [32m200 [0m3.990 ms - -[0m

2017-06-16T12:52:44.797Z - info: [0mGET /lib/angular-messages/angular-messages.js [32m200 [0m5.740 ms - -[0m

2017-06-16T12:52:44.804Z - info: [0mGET /lib/angular-resource/angular-resource.js [32m200 [0m1.027 ms - -[0m

2017-06-16T12:52:44.807Z - info: [0mGET /lib/angular-mocks/angular-mocks.js [32m200 [0m1.838 ms - -[0m

2017-06-16T12:52:44.809Z - info: [0mGET /lib/angular-ui-notification/dist/angular-ui-notification.js [32m200 [0m0.484 ms - -[0m

2017-06-16T12:52:44.813Z - info: [0mGET /lib/owasp-password-strength-test/owasp-password-strength-test.js [32m200 [0m0.939 ms - -[0m

2017-06-16T12:52:44.817Z - info: [0mGET /modules/core/client/app/config.js [32m200 [0m1.348 ms - -[0m

2017-06-16T12:52:44.821Z - info: [0mGET /modules/core/client/app/init.js [32m200 [0m0.800 ms - -[0m

2017-06-16T12:52:44.824Z - info: [0mGET /modules/articles/client/articles.client.module.js [32m200 [0m1.050 ms - 480[0m

2017-06-16T12:52:44.829Z - info: [0mGET /modules/chat/client/chat.client.module.js [32m200 [0m2.854 ms - 178[0m

2017-06-16T12:52:44.832Z - info: [0mGET /modules/core/client/core.client.module.js [32m200 [0m1.698 ms - 259[0m

2017-06-16T12:52:44.836Z - info: [0mGET /lib/angular-ui-router/release/angular-ui-router.js [32m200 [0m2.459 ms - -[0m

2017-06-16T12:52:44.839Z - info: [0mGET /modules/users/client/users.client.module.js [32m200 [0m4.096 ms - 395[0m

2017-06-16T12:52:44.843Z - info: [0mGET /modules/articles/client/config/articles-admin.client.config.js [32m200 [0m2.816 ms - 361[0m

2017-06-16T12:52:44.847Z - info: [0mGET /modules/articles/client/config/articles.client.menus.js [32m200 [0m1.028 ms - 520[0m

2017-06-16T12:52:44.849Z - info: [0mGET /modules/articles/client/config/articles-admin.client.routes.js [32m200 [0m1.850 ms - -[0m

2017-06-16T12:52:44.852Z - info: [0mGET /modules/articles/client/config/articles.client.routes.js [32m200 [0m2.976 ms - -[0m

2017-06-16T12:52:44.854Z - info: [0mGET /modules/articles/client/controllers/admin/article.client.controller.js [32m200 [0m2.352 ms - -[0m

2017-06-16T12:52:44.856Z - info: [0mGET /modules/articles/client/controllers/admin/list-articles.client.controller.js [32m200 [0m2.805 ms - 361[0m

2017-06-16T12:52:44.858Z - info: [0mGET /modules/articles/client/controllers/articles.client.controller.js [32m200 [0m2.412 ms - 385[0m

2017-06-16T12:52:44.860Z - info: [0mGET /modules/articles/client/controllers/list-articles.client.controller.js [32m200 [0m2.119 ms - 332[0m

2017-06-16T12:52:44.864Z - info: [0mGET /modules/articles/client/services/articles.client.service.js [32m200 [0m1.308 ms - -[0m

2017-06-16T12:52:44.866Z - info: [0mGET /modules/chat/client/config/chat.client.menus.js [32m200 [0m2.539 ms - 309[0m

2017-06-16T12:52:44.869Z - info: [0mGET /modules/chat/client/config/chat.client.routes.js [32m200 [0m1.906 ms - 518[0m

2017-06-16T12:52:44.871Z - info: [0mGET /modules/chat/client/controllers/chat.client.controller.js [32m200 [0m2.427 ms - -[0m

2017-06-16T12:52:44.874Z - info: [0mGET /modules/core/client/config/core-admin.client.menus.js [32m200 [0m1.344 ms - 336[0m

2017-06-16T12:52:44.876Z - info: [0mGET /modules/core/client/config/core-admin.client.routes.js [32m200 [0m2.590 ms - 404[0m

2017-06-16T12:52:44.877Z - info: [0mGET /modules/core/client/config/core.client.menus.js [32m200 [0m1.635 ms - 947[0m

2017-06-16T12:52:44.879Z - info: [0mGET /modules/core/client/config/core.client.route-filter.js [32m200 [0m0.488 ms - -[0m

2017-06-16T12:52:44.884Z - info: [0mGET /modules/core/client/controllers/error.client.controller.js [32m200 [0m1.768 ms - 397[0m

2017-06-16T12:52:44.885Z - info: [0mGET /modules/core/client/config/core.client.routes.js [32m200 [0m0.965 ms - -[0m

2017-06-16T12:52:44.887Z - info: [0mGET /modules/core/client/controllers/header.client.controller.js [32m200 [0m0.643 ms - 687[0m

2017-06-16T12:52:44.891Z - info: [0mGET /modules/core/client/controllers/home.client.controller.js [32m200 [0m1.860 ms - 184[0m

2017-06-16T12:52:44.893Z - info: [0mGET /modules/core/client/directives/auto-focus.client.directive.js [32m200 [0m2.731 ms - 712[0m

2017-06-16T12:52:44.896Z - info: [0mGET /modules/core/client/directives/page-title.client.directive.js [32m200 [0m1.024 ms - 873[0m

2017-06-16T12:52:44.900Z - info: [0mGET /modules/core/client/directives/show-errors.client.directive.js [32m200 [0m0.691 ms - -[0m

2017-06-16T12:52:44.905Z - info: [0mGET /modules/core/client/services/interceptors/auth-interceptor.client.service.js [32m200 [0m1.384 ms - -[0m

2017-06-16T12:52:44.906Z - info: [0mGET /modules/core/client/services/menu.client.service.js [32m200 [0m1.555 ms - -[0m

2017-06-16T12:52:44.910Z - info: [0mGET /modules/core/client/services/socket.io.client.service.js [32m200 [0m0.974 ms - -[0m

2017-06-16T12:52:44.912Z - info: [0mGET /modules/users/client/config/users-admin.client.menus.js [32m200 [0m2.054 ms - 347[0m

2017-06-16T12:52:44.916Z - info: [0mGET /modules/users/client/config/users-admin.client.routes.js [32m200 [0m1.264 ms - -[0m

2017-06-16T12:52:44.919Z - info: [0mGET /lib/angular/angular.js [32m200 [0m4.041 ms - -[0m

2017-06-16T12:52:44.921Z - info: [0mGET /modules/users/client/config/users.client.routes.js [32m200 [0m2.282 ms - -[0m

2017-06-16T12:52:44.925Z - info: [0mGET /modules/users/client/controllers/admin/list-users.client.controller.js [32m200 [0m2.889 ms - -[0m

2017-06-16T12:52:44.928Z - info: [0mGET /modules/users/client/controllers/admin/user.client.controller.js [32m200 [0m3.221 ms - -[0m

2017-06-16T12:52:44.933Z - info: [0mGET /modules/users/client/controllers/authentication.client.controller.js [32m200 [0m3.180 ms - -[0m

2017-06-16T12:52:44.935Z - info: [0mGET /modules/users/client/controllers/password.client.controller.js [32m200 [0m4.293 ms - -[0m

2017-06-16T12:52:44.939Z - info: [0mGET /modules/users/client/controllers/settings/change-password.client.controller.js [32m200 [0m4.751 ms - -[0m

2017-06-16T12:52:44.941Z - info: [0mGET /modules/users/client/controllers/settings/change-profile-picture.client.controller.js [32m200 [0m3.439 ms - -[0m

2017-06-16T12:52:44.943Z - info: [0mGET /modules/users/client/controllers/settings/edit-profile.client.controller.js [32m200 [0m2.606 ms - -[0m

2017-06-16T12:52:44.948Z - info: [0mGET /modules/users/client/controllers/settings/manage-social-accounts.client.controller.js [32m200 [0m0.710 ms - -[0m

2017-06-16T12:52:44.952Z - info: [0mGET /modules/users/client/controllers/settings/settings.client.controller.js [32m200 [0m1.674 ms - 321[0m

2017-06-16T12:52:44.954Z - info: [0mGET /modules/users/client/directives/password-validator.client.directive.js [32m200 [0m2.194 ms - -[0m

2017-06-16T12:52:44.957Z - info: [0mGET /modules/users/client/directives/password-verify.client.directive.js [32m200 [0m3.583 ms - 858[0m

2017-06-16T12:52:44.964Z - info: [0mGET /modules/users/client/directives/users.client.directive.js [32m200 [0m3.619 ms - 531[0m

2017-06-16T12:52:44.965Z - info: [0mGET /modules/users/client/services/authentication.client.service.js [32m200 [0m4.651 ms - 343[0m

2017-06-16T12:52:44.968Z - info: [0mGET /modules/users/client/services/password-validator.client.service.js [32m200 [0m4.375 ms - 892[0m

2017-06-16T12:52:44.971Z - info: [0mGET /modules/users/client/services/users.client.service.js [32m200 [0m1.319 ms - -[0m

2017-06-16T12:52:45.056Z - info: [0mGET /modules/core/client/views/header.client.view.html [32m200 [0m0.906 ms - -[0m

2017-06-16T12:52:45.061Z - info: [0mGET /modules/core/client/views/home.client.view.html [32m200 [0m0.787 ms - -[0m

2017-06-16T12:52:45.165Z - info: [0mGET /modules/core/client/img/brand/logo.png [32m200 [0m0.527 ms - 14055[0m

2017-06-16T12:52:45.219Z - info: [0mGET /modules/core/client/img/brand/favicon.ico [32m200 [0m0.572 ms - 32038[0m

